SF:lib\models\account\create\account_create_model.dart
DA:15,0
DA:16,0
LF:2
LH:0
end_of_record
SF:lib\models\account\create\account_create_model.g.dart
DA:9,0
DA:11,0
DA:12,0
DA:13,0
DA:14,0
DA:15,0
DA:18,0
DA:20,0
DA:21,0
DA:22,0
DA:23,0
DA:24,0
LF:12
LH:0
end_of_record
SF:lib\utilities\constants\logger.dart
DA:15,0
DA:18,0
DA:19,0
DA:35,0
DA:41,0
DA:42,0
LF:6
LH:0
end_of_record
SF:lib\models\dokter\data\dokter_data_model.dart
DA:14,1
DA:15,1
LF:2
LH:2
end_of_record
SF:lib\models\dokter\data\dokter_data_model.g.dart
DA:9,1
DA:10,1
DA:11,1
DA:12,1
DA:13,3
DA:14,1
DA:17,0
DA:18,0
DA:19,0
DA:20,0
LF:10
LH:6
end_of_record
SF:lib\models\dokter\data\dokter_model.dart
DA:19,1
DA:20,1
LF:2
LH:2
end_of_record
SF:lib\models\dokter\data\dokter_model.g.dart
DA:9,1
DA:10,1
DA:11,1
DA:12,1
DA:13,1
DA:14,1
DA:15,1
DA:16,1
DA:17,1
DA:18,1
DA:21,0
DA:22,0
DA:23,0
DA:24,0
DA:25,0
DA:26,0
DA:27,0
DA:28,0
DA:29,0
DA:30,0
LF:20
LH:10
end_of_record
SF:lib\models\dokter\update\dokter_update_model.dart
DA:18,0
DA:19,0
LF:2
LH:0
end_of_record
SF:lib\models\dokter\update\dokter_update_model.g.dart
DA:9,0
DA:10,0
DA:11,0
DA:12,0
DA:13,0
DA:14,0
DA:15,0
DA:16,0
DA:17,0
DA:20,1
DA:22,1
DA:23,1
DA:24,1
DA:25,1
DA:26,1
DA:27,1
DA:28,1
DA:29,1
LF:18
LH:9
end_of_record
SF:lib\models\keterangan\keterangan_model.dart
DA:15,0
DA:16,0
LF:2
LH:0
end_of_record
SF:lib\models\keterangan\keterangan_model.g.dart
DA:9,0
DA:10,0
DA:11,0
DA:12,0
DA:13,0
DA:14,0
DA:17,1
DA:18,1
DA:19,1
DA:20,1
DA:21,1
DA:22,1
LF:12
LH:6
end_of_record
SF:lib\models\pasien\create\pasien_create_model.dart
DA:20,0
DA:21,0
LF:2
LH:0
end_of_record
SF:lib\models\pasien\create\pasien_create_model.g.dart
DA:9,0
DA:10,0
DA:11,0
DA:12,0
DA:13,0
DA:14,0
DA:15,0
DA:16,0
DA:17,0
DA:18,0
DA:19,0
DA:22,1
DA:24,1
DA:25,1
DA:26,1
DA:27,1
DA:28,1
DA:29,1
DA:30,1
DA:31,1
DA:32,1
DA:33,1
LF:22
LH:11
end_of_record
SF:lib\models\pasien\data\pasien_data_model.dart
DA:14,1
DA:15,1
LF:2
LH:2
end_of_record
SF:lib\models\pasien\data\pasien_data_model.g.dart
DA:9,1
DA:10,1
DA:11,1
DA:12,1
DA:13,3
DA:14,1
DA:17,0
DA:18,0
DA:19,0
DA:20,0
LF:10
LH:6
end_of_record
SF:lib\models\pasien\data\pasien_model.dart
DA:21,1
DA:22,1
LF:2
LH:2
end_of_record
SF:lib\models\pasien\data\pasien_model.g.dart
DA:9,1
DA:10,1
DA:11,1
DA:12,1
DA:13,1
DA:14,1
DA:15,1
DA:16,1
DA:17,1
DA:18,1
DA:19,1
DA:20,1
DA:23,0
DA:24,0
DA:25,0
DA:26,0
DA:27,0
DA:28,0
DA:29,0
DA:30,0
DA:31,0
DA:32,0
DA:33,0
DA:34,0
LF:24
LH:12
end_of_record
SF:lib\models\perawat\data\perawat_data_model.dart
DA:14,1
DA:15,1
LF:2
LH:2
end_of_record
SF:lib\models\perawat\data\perawat_data_model.g.dart
DA:9,1
DA:10,1
DA:11,1
DA:12,1
DA:13,3
DA:14,1
DA:17,0
DA:18,0
DA:19,0
DA:20,0
LF:10
LH:6
end_of_record
SF:lib\models\perawat\data\perawat_model.dart
DA:20,1
DA:21,1
LF:2
LH:2
end_of_record
SF:lib\models\perawat\data\perawat_model.g.dart
DA:9,1
DA:10,1
DA:11,1
DA:12,1
DA:13,1
DA:14,1
DA:15,1
DA:16,1
DA:17,1
DA:18,1
DA:19,1
DA:22,0
DA:23,0
DA:24,0
DA:25,0
DA:26,0
DA:27,0
DA:28,0
DA:29,0
DA:30,0
DA:31,0
DA:32,0
LF:22
LH:11
end_of_record
SF:lib\models\perawat\update\perawat_update_model.dart
DA:19,0
DA:20,0
LF:2
LH:0
end_of_record
SF:lib\models\perawat\update\perawat_update_model.g.dart
DA:9,0
DA:11,0
DA:12,0
DA:13,0
DA:14,0
DA:15,0
DA:16,0
DA:17,0
DA:18,0
DA:19,0
DA:22,1
DA:24,1
DA:25,1
DA:26,1
DA:27,1
DA:28,1
DA:29,1
DA:30,1
DA:31,1
DA:32,1
LF:20
LH:10
end_of_record
SF:lib\models\rawatJalan\data\rawatJalan_data_model.dart
DA:14,1
DA:15,1
LF:2
LH:2
end_of_record
SF:lib\models\rawatJalan\data\rawatJalan_data_model.g.dart
DA:9,1
DA:11,1
DA:12,1
DA:13,1
DA:14,3
DA:15,1
DA:18,0
DA:20,0
DA:21,0
DA:22,0
LF:10
LH:6
end_of_record
SF:lib\models\rawatJalan\data\rawatJalan_model.dart
DA:26,1
DA:27,1
LF:2
LH:2
end_of_record
SF:lib\models\rawatJalan\data\rawatJalan_model.g.dart
DA:9,1
DA:10,1
DA:11,1
DA:12,1
DA:13,1
DA:14,1
DA:15,1
DA:16,1
DA:17,1
DA:18,1
DA:19,1
DA:20,1
DA:21,1
DA:22,1
DA:23,1
DA:24,1
DA:25,1
DA:28,0
DA:29,0
DA:30,0
DA:31,0
DA:32,0
DA:33,0
DA:34,0
DA:35,0
DA:36,0
DA:37,0
DA:38,0
DA:39,0
DA:40,0
DA:41,0
DA:42,0
DA:43,0
DA:44,0
LF:34
LH:17
end_of_record
SF:lib\models\rawatJalan\update\rawatJalan_update_model.dart
DA:12,0
DA:13,0
LF:2
LH:0
end_of_record
SF:lib\models\rawatJalan\update\rawatJalan_update_model.g.dart
DA:9,0
DA:11,0
DA:12,0
DA:15,1
DA:17,1
DA:18,1
LF:6
LH:3
end_of_record
